TravelAnalyser11/app/build/outputs/logs/manifest-merger-debug-report.txt
-- Merging decision tree log ---
manifest
ADDED from src\main\AndroidManifest.xml:2:1-35:12
	package
		ADDED from src\main\AndroidManifest.xml:3:5-74
		INJECTED from src\main\AndroidManifest.xml
		INJECTED from src\main\AndroidManifest.xml
	android:versionName
		INJECTED from src\main\AndroidManifest.xml
		INJECTED from src\main\AndroidManifest.xml
	xmlns:android
		ADDED from src\main\AndroidManifest.xml:2:11-69
uses-permission#android.permission.INTERNET
ADDED from src\main\AndroidManifest.xml:6:5-67
	android:name
		ADDED from src\main\AndroidManifest.xml:6:22-64
uses-permission#android.permission.ACCESS_WIFI_STATE
ADDED from src\main\AndroidManifest.xml:7:5-76
	android:name
		ADDED from src\main\AndroidManifest.xml:7:22-73
uses-permission#android.permission.ACCESS_NETWORK_STATE
ADDED from src\main\AndroidManifest.xml:8:5-79
	android:name
		ADDED from src\main\AndroidManifest.xml:8:22-76
application
ADDED from src\main\AndroidManifest.xml:10:5-33:19
	android:label
		ADDED from src\main\AndroidManifest.xml:13:9-41
	android:allowBackup
		ADDED from src\main\AndroidManifest.xml:11:9-35
	android:icon
		ADDED from src\main\AndroidManifest.xml:12:9-43
	android:theme
		ADDED from src\main\AndroidManifest.xml:14:9-40
	android:name
		ADDED from src\main\AndroidManifest.xml:15:9-38
meta-data#com.google.android.geo.API_KEY
ADDED from src\main\AndroidManifest.xml:17:9-19:70
	android:value
		ADDED from src\main\AndroidManifest.xml:19:13-68
	android:name
		ADDED from src\main\AndroidManifest.xml:18:13-58
activity#com.ibm.mobileappbuilder.travelanalyser1.pkg120161001081254.ui.TravelAnalyser11Main
ADDED from src\main\AndroidManifest.xml:20:9-27:18
	android:label
		ADDED from src\main\AndroidManifest.xml:21:13-57
	android:theme
		ADDED from src\main\AndroidManifest.xml:22:13-51
	android:name
		ADDED from src\main\AndroidManifest.xml:20:19-117
intent-filter#android.intent.action.MAIN+android.intent.category.LAUNCHER
ADDED from src\main\AndroidManifest.xml:23:13-26:29
action#android.intent.action.MAIN
ADDED from src\main\AndroidManifest.xml:24:17-69
	android:name
		ADDED from src\main\AndroidManifest.xml:24:25-66
category#android.intent.category.LAUNCHER
ADDED from src\main\AndroidManifest.xml:25:17-77
	android:name
		ADDED from src\main\AndroidManifest.xml:25:27-74
activity#com.ibm.mobileappbuilder.travelanalyser1.pkg120161001081254.ui.TravelDestinationScreen1Activity
ADDED from src\main\AndroidManifest.xml:28:9-29:11
	android:name
		ADDED from src\main\AndroidManifest.xml:28:19-129
activity#com.ibm.mobileappbuilder.travelanalyser1.pkg120161001081254.ui.SuggestedclothingActivity
ADDED from src\main\AndroidManifest.xml:30:9-31:11
	android:name
		ADDED from src\main\AndroidManifest.xml:30:19-122
activity#com.worklight.wlclient.ui.UIActivity
ADDED from src\main\AndroidManifest.xml:32:9-72
	android:name
		ADDED from src\main\AndroidManifest.xml:32:19-70
uses-sdk
INJECTED from src\main\AndroidManifest.xml reason: use-sdk injection requested
	android:targetSdkVersion
		INJECTED from src\main\AndroidManifest.xml
		INJECTED from src\main\AndroidManifest.xml
	android:minSdkVersion
		INJECTED from src\main\AndroidManifest.xml
		INJECTED from src\main\AndroidManifest.xml